[INFO] Scanning for projects...
[WARNING] 
[WARNING] Some problems were encountered while building the effective model for sopra.prototype:sopra-vo:jar:0.0.1
[WARNING] 'version' contains an expression but should be a constant. @ sopra.prototype:sopra-builder:${project.version}, /Users/aironman/gitProjects/sopra/challenge-ING/challengeing/pom.xml, line 16, column 11
[WARNING] 
[WARNING] Some problems were encountered while building the effective model for sopra.prototype:sopra-builder:pom:0.0.1
[WARNING] 'version' contains an expression but should be a constant. @ sopra.prototype:sopra-builder:${project.version}, /Users/aironman/gitProjects/sopra/challenge-ING/challengeing/pom.xml, line 16, column 11
[WARNING] 
[WARNING] It is highly recommended to fix these problems because they threaten the stability of your build.
[WARNING] 
[WARNING] For this reason, future Maven versions might no longer support building such malformed projects.
[WARNING] 
[INFO] ------------------------------------------------------------------------
[INFO] Reactor Build Order:
[INFO] 
[INFO] sopra                                                              [pom]
[INFO] sopra-vo                                                           [jar]
[INFO] sopra-repositories                                                 [jar]
[INFO] sopra-services                                                     [jar]
[INFO] sopra-controller                                                   [jar]
[INFO] sopra-spring                                                       [jar]
[INFO] 
[INFO] -------------------< sopra.prototype:sopra-builder >--------------------
[INFO] Building sopra 0.0.1                                               [1/6]
[INFO] --------------------------------[ pom ]---------------------------------
[INFO] 
[INFO] --- maven-dependency-plugin:3.1.1:tree (default-cli) @ sopra-builder ---
[INFO] sopra.prototype:sopra-builder:pom:0.0.1
[INFO] +- org.mariadb.jdbc:mariadb-java-client:jar:2.4.4:compile
[INFO] +- org.springframework.boot:spring-boot-starter-data-jpa:jar:2.2.2.RELEASE:compile
[INFO] |  +- org.springframework.boot:spring-boot-starter-aop:jar:2.2.2.RELEASE:compile
[INFO] |  |  \- org.aspectj:aspectjweaver:jar:1.9.5:compile
[INFO] |  +- org.springframework.boot:spring-boot-starter-jdbc:jar:2.2.2.RELEASE:compile
[INFO] |  |  +- com.zaxxer:HikariCP:jar:3.4.1:compile
[INFO] |  |  \- org.springframework:spring-jdbc:jar:5.2.2.RELEASE:compile
[INFO] |  +- jakarta.activation:jakarta.activation-api:jar:1.2.1:compile
[INFO] |  +- jakarta.persistence:jakarta.persistence-api:jar:2.2.3:compile
[INFO] |  +- jakarta.transaction:jakarta.transaction-api:jar:1.3.3:compile
[INFO] |  +- org.hibernate:hibernate-core:jar:5.4.9.Final:compile
[INFO] |  |  +- org.jboss.logging:jboss-logging:jar:3.4.1.Final:compile
[INFO] |  |  +- org.javassist:javassist:jar:3.24.0-GA:compile
[INFO] |  |  +- net.bytebuddy:byte-buddy:jar:1.10.4:compile
[INFO] |  |  +- antlr:antlr:jar:2.7.7:compile
[INFO] |  |  +- org.jboss:jandex:jar:2.1.1.Final:compile
[INFO] |  |  +- org.dom4j:dom4j:jar:2.1.1:compile
[INFO] |  |  +- org.hibernate.common:hibernate-commons-annotations:jar:5.1.0.Final:compile
[INFO] |  |  \- org.glassfish.jaxb:jaxb-runtime:jar:2.3.2:compile
[INFO] |  |     +- org.glassfish.jaxb:txw2:jar:2.3.2:compile
[INFO] |  |     +- com.sun.istack:istack-commons-runtime:jar:3.0.8:compile
[INFO] |  |     +- org.jvnet.staxex:stax-ex:jar:1.8.1:compile
[INFO] |  |     \- com.sun.xml.fastinfoset:FastInfoset:jar:1.2.16:compile
[INFO] |  +- org.springframework.data:spring-data-jpa:jar:2.2.3.RELEASE:compile
[INFO] |  |  +- org.springframework.data:spring-data-commons:jar:2.2.3.RELEASE:compile
[INFO] |  |  +- org.springframework:spring-orm:jar:5.2.2.RELEASE:compile
[INFO] |  |  \- org.springframework:spring-beans:jar:5.2.2.RELEASE:compile
[INFO] |  \- org.springframework:spring-aspects:jar:5.2.2.RELEASE:compile
[INFO] +- org.springframework.boot:spring-boot-starter-web:jar:2.2.2.RELEASE:compile
[INFO] |  +- org.springframework.boot:spring-boot-starter:jar:2.2.2.RELEASE:compile
[INFO] |  |  +- org.springframework.boot:spring-boot:jar:2.2.2.RELEASE:compile
[INFO] |  |  +- org.springframework.boot:spring-boot-autoconfigure:jar:2.2.2.RELEASE:compile
[INFO] |  |  +- org.springframework.boot:spring-boot-starter-logging:jar:2.2.2.RELEASE:compile
[INFO] |  |  |  +- ch.qos.logback:logback-classic:jar:1.2.3:compile
[INFO] |  |  |  |  \- ch.qos.logback:logback-core:jar:1.2.3:compile
[INFO] |  |  |  +- org.apache.logging.log4j:log4j-to-slf4j:jar:2.12.1:compile
[INFO] |  |  |  \- org.slf4j:jul-to-slf4j:jar:1.7.29:compile
[INFO] |  |  +- jakarta.annotation:jakarta.annotation-api:jar:1.3.5:compile
[INFO] |  |  \- org.yaml:snakeyaml:jar:1.25:runtime
[INFO] |  +- org.springframework.boot:spring-boot-starter-json:jar:2.2.2.RELEASE:compile
[INFO] |  |  +- com.fasterxml.jackson.datatype:jackson-datatype-jdk8:jar:2.10.1:compile
[INFO] |  |  +- com.fasterxml.jackson.datatype:jackson-datatype-jsr310:jar:2.10.1:compile
[INFO] |  |  \- com.fasterxml.jackson.module:jackson-module-parameter-names:jar:2.10.1:compile
[INFO] |  +- org.springframework.boot:spring-boot-starter-tomcat:jar:2.2.2.RELEASE:compile
[INFO] |  |  +- org.apache.tomcat.embed:tomcat-embed-core:jar:9.0.29:compile
[INFO] |  |  +- org.apache.tomcat.embed:tomcat-embed-el:jar:9.0.29:compile
[INFO] |  |  \- org.apache.tomcat.embed:tomcat-embed-websocket:jar:9.0.29:compile
[INFO] |  +- org.springframework.boot:spring-boot-starter-validation:jar:2.2.2.RELEASE:compile
[INFO] |  |  +- jakarta.validation:jakarta.validation-api:jar:2.0.1:compile
[INFO] |  |  \- org.hibernate.validator:hibernate-validator:jar:6.0.18.Final:compile
[INFO] |  +- org.springframework:spring-web:jar:5.2.2.RELEASE:compile
[INFO] |  \- org.springframework:spring-webmvc:jar:5.2.2.RELEASE:compile
[INFO] |     \- org.springframework:spring-expression:jar:5.2.2.RELEASE:compile
[INFO] +- org.springframework.boot:spring-boot-starter-test:jar:2.2.2.RELEASE:test
[INFO] |  +- org.springframework.boot:spring-boot-test:jar:2.2.2.RELEASE:test
[INFO] |  +- org.springframework.boot:spring-boot-test-autoconfigure:jar:2.2.2.RELEASE:test
[INFO] |  +- com.jayway.jsonpath:json-path:jar:2.4.0:test
[INFO] |  |  \- net.minidev:json-smart:jar:2.3:test
[INFO] |  |     \- net.minidev:accessors-smart:jar:1.2:test
[INFO] |  |        \- org.ow2.asm:asm:jar:5.0.4:test
[INFO] |  +- jakarta.xml.bind:jakarta.xml.bind-api:jar:2.3.2:compile
[INFO] |  +- org.junit.jupiter:junit-jupiter:jar:5.5.2:test
[INFO] |  |  +- org.junit.jupiter:junit-jupiter-api:jar:5.5.2:test
[INFO] |  |  |  +- org.opentest4j:opentest4j:jar:1.2.0:test
[INFO] |  |  |  \- org.junit.platform:junit-platform-commons:jar:1.5.2:test
[INFO] |  |  +- org.junit.jupiter:junit-jupiter-params:jar:5.5.2:test
[INFO] |  |  \- org.junit.jupiter:junit-jupiter-engine:jar:5.5.2:test
[INFO] |  +- org.junit.vintage:junit-vintage-engine:jar:5.5.2:test
[INFO] |  |  +- org.apiguardian:apiguardian-api:jar:1.1.0:test
[INFO] |  |  \- org.junit.platform:junit-platform-engine:jar:1.5.2:test
[INFO] |  +- org.mockito:mockito-junit-jupiter:jar:3.1.0:test
[INFO] |  +- org.assertj:assertj-core:jar:3.13.2:test
[INFO] |  +- org.hamcrest:hamcrest:jar:2.1:test
[INFO] |  +- org.mockito:mockito-core:jar:3.1.0:test
[INFO] |  |  +- net.bytebuddy:byte-buddy-agent:jar:1.10.4:test
[INFO] |  |  \- org.objenesis:objenesis:jar:2.6:test
[INFO] |  +- org.skyscreamer:jsonassert:jar:1.5.0:test
[INFO] |  |  \- com.vaadin.external.google:android-json:jar:0.0.20131108.vaadin1:test
[INFO] |  +- org.springframework:spring-core:jar:5.2.2.RELEASE:compile
[INFO] |  |  \- org.springframework:spring-jcl:jar:5.2.2.RELEASE:compile
[INFO] |  +- org.springframework:spring-test:jar:5.2.2.RELEASE:test
[INFO] |  \- org.xmlunit:xmlunit-core:jar:2.6.3:test
[INFO] +- org.springframework.boot:spring-boot-starter-security:jar:2.2.2.RELEASE:compile
[INFO] |  +- org.springframework:spring-aop:jar:5.2.2.RELEASE:compile
[INFO] |  +- org.springframework.security:spring-security-config:jar:5.2.1.RELEASE:compile
[INFO] |  |  \- org.springframework.security:spring-security-core:jar:5.2.1.RELEASE:compile
[INFO] |  \- org.springframework.security:spring-security-web:jar:5.2.1.RELEASE:compile
[INFO] +- org.springframework.boot:spring-boot-starter-actuator:jar:2.2.2.RELEASE:compile
[INFO] |  +- org.springframework.boot:spring-boot-actuator-autoconfigure:jar:2.2.2.RELEASE:compile
[INFO] |  |  \- org.springframework.boot:spring-boot-actuator:jar:2.2.2.RELEASE:compile
[INFO] |  \- io.micrometer:micrometer-core:jar:1.3.1:compile
[INFO] |     +- org.hdrhistogram:HdrHistogram:jar:2.1.11:compile
[INFO] |     \- org.latencyutils:LatencyUtils:jar:2.0.3:compile
[INFO] +- org.apache.logging.log4j:log4j-api:jar:2.12.1:compile
[INFO] +- org.apache.logging.log4j:log4j-core:jar:2.12.1:compile
[INFO] +- io.springfox:springfox-swagger2:jar:2.9.2:compile
[INFO] |  +- io.swagger:swagger-annotations:jar:1.5.20:compile
[INFO] |  +- io.swagger:swagger-models:jar:1.5.20:compile
[INFO] |  |  \- com.fasterxml.jackson.core:jackson-annotations:jar:2.10.1:compile
[INFO] |  +- io.springfox:springfox-spi:jar:2.9.2:compile
[INFO] |  |  \- io.springfox:springfox-core:jar:2.9.2:compile
[INFO] |  +- io.springfox:springfox-schema:jar:2.9.2:compile
[INFO] |  +- io.springfox:springfox-swagger-common:jar:2.9.2:compile
[INFO] |  +- io.springfox:springfox-spring-web:jar:2.9.2:compile
[INFO] |  +- com.google.guava:guava:jar:20.0:compile
[INFO] |  +- com.fasterxml:classmate:jar:1.5.1:compile
[INFO] |  +- org.slf4j:slf4j-api:jar:1.7.29:compile
[INFO] |  +- org.springframework.plugin:spring-plugin-core:jar:1.2.0.RELEASE:compile
[INFO] |  +- org.springframework.plugin:spring-plugin-metadata:jar:1.2.0.RELEASE:compile
[INFO] |  \- org.mapstruct:mapstruct:jar:1.2.0.Final:compile
[INFO] +- io.springfox:springfox-swagger-ui:jar:2.9.2:compile
[INFO] +- org.aspectj:aspectjrt:jar:1.9.2:compile
[INFO] +- javax.interceptor:javax.interceptor-api:jar:1.2.2:compile
[INFO] +- io.jsonwebtoken:jjwt:jar:0.7.0:compile
[INFO] |  \- com.fasterxml.jackson.core:jackson-databind:jar:2.10.1:compile
[INFO] |     \- com.fasterxml.jackson.core:jackson-core:jar:2.10.1:compile
[INFO] +- javax.ws.rs:javax.ws.rs-api:jar:2.1.1:compile
[INFO] +- org.projectlombok:lombok:jar:1.18.10:compile
[INFO] +- junit:junit:jar:4.12:test
[INFO] |  \- org.hamcrest:hamcrest-core:jar:2.1:test
[INFO] \- org.springframework.kafka:spring-kafka:jar:2.4.5.RELEASE:compile
[INFO]    +- org.apache.kafka:kafka-clients:jar:2.3.1:compile
[INFO]    |  +- com.github.luben:zstd-jni:jar:1.4.0-1:compile
[INFO]    |  +- org.lz4:lz4-java:jar:1.6.0:compile
[INFO]    |  \- org.xerial.snappy:snappy-java:jar:1.1.7.3:compile
[INFO]    +- org.springframework.retry:spring-retry:jar:1.2.4.RELEASE:compile
[INFO]    +- org.springframework:spring-context:jar:5.2.2.RELEASE:compile
[INFO]    +- org.springframework:spring-messaging:jar:5.2.2.RELEASE:compile
[INFO]    \- org.springframework:spring-tx:jar:5.2.2.RELEASE:compile
[INFO] 
[INFO] ----------------------< sopra.prototype:sopra-vo >----------------------
[INFO] Building sopra-vo 0.0.1                                            [2/6]
[INFO] --------------------------------[ jar ]---------------------------------
[INFO] 
[INFO] --- maven-dependency-plugin:3.1.1:tree (default-cli) @ sopra-vo ---
[INFO] sopra.prototype:sopra-vo:jar:0.0.1
[INFO] +- org.mariadb.jdbc:mariadb-java-client:jar:2.4.4:compile
[INFO] +- org.springframework.boot:spring-boot-starter-data-jpa:jar:2.2.2.RELEASE:compile
[INFO] |  +- org.springframework.boot:spring-boot-starter-aop:jar:2.2.2.RELEASE:compile
[INFO] |  |  \- org.aspectj:aspectjweaver:jar:1.9.5:compile
[INFO] |  +- org.springframework.boot:spring-boot-starter-jdbc:jar:2.2.2.RELEASE:compile
[INFO] |  |  +- com.zaxxer:HikariCP:jar:3.4.1:compile
[INFO] |  |  \- org.springframework:spring-jdbc:jar:5.2.2.RELEASE:compile
[INFO] |  +- jakarta.activation:jakarta.activation-api:jar:1.2.1:compile
[INFO] |  +- jakarta.persistence:jakarta.persistence-api:jar:2.2.3:compile
[INFO] |  +- jakarta.transaction:jakarta.transaction-api:jar:1.3.3:compile
[INFO] |  +- org.hibernate:hibernate-core:jar:5.4.9.Final:compile
[INFO] |  |  +- org.jboss.logging:jboss-logging:jar:3.4.1.Final:compile
[INFO] |  |  +- org.javassist:javassist:jar:3.24.0-GA:compile
[INFO] |  |  +- net.bytebuddy:byte-buddy:jar:1.10.4:compile
[INFO] |  |  +- antlr:antlr:jar:2.7.7:compile
[INFO] |  |  +- org.jboss:jandex:jar:2.1.1.Final:compile
[INFO] |  |  +- org.dom4j:dom4j:jar:2.1.1:compile
[INFO] |  |  +- org.hibernate.common:hibernate-commons-annotations:jar:5.1.0.Final:compile
[INFO] |  |  \- org.glassfish.jaxb:jaxb-runtime:jar:2.3.2:compile
[INFO] |  |     +- org.glassfish.jaxb:txw2:jar:2.3.2:compile
[INFO] |  |     +- com.sun.istack:istack-commons-runtime:jar:3.0.8:compile
[INFO] |  |     +- org.jvnet.staxex:stax-ex:jar:1.8.1:compile
[INFO] |  |     \- com.sun.xml.fastinfoset:FastInfoset:jar:1.2.16:compile
[INFO] |  +- org.springframework.data:spring-data-jpa:jar:2.2.3.RELEASE:compile
[INFO] |  |  +- org.springframework.data:spring-data-commons:jar:2.2.3.RELEASE:compile
[INFO] |  |  +- org.springframework:spring-orm:jar:5.2.2.RELEASE:compile
[INFO] |  |  \- org.springframework:spring-beans:jar:5.2.2.RELEASE:compile
[INFO] |  \- org.springframework:spring-aspects:jar:5.2.2.RELEASE:compile
[INFO] +- org.springframework.boot:spring-boot-starter-web:jar:2.2.2.RELEASE:compile
[INFO] |  +- org.springframework.boot:spring-boot-starter:jar:2.2.2.RELEASE:compile
[INFO] |  |  +- org.springframework.boot:spring-boot:jar:2.2.2.RELEASE:compile
[INFO] |  |  +- org.springframework.boot:spring-boot-autoconfigure:jar:2.2.2.RELEASE:compile
[INFO] |  |  +- org.springframework.boot:spring-boot-starter-logging:jar:2.2.2.RELEASE:compile
[INFO] |  |  |  +- ch.qos.logback:logback-classic:jar:1.2.3:compile
[INFO] |  |  |  |  \- ch.qos.logback:logback-core:jar:1.2.3:compile
[INFO] |  |  |  +- org.apache.logging.log4j:log4j-to-slf4j:jar:2.12.1:compile
[INFO] |  |  |  \- org.slf4j:jul-to-slf4j:jar:1.7.29:compile
[INFO] |  |  +- jakarta.annotation:jakarta.annotation-api:jar:1.3.5:compile
[INFO] |  |  \- org.yaml:snakeyaml:jar:1.25:runtime
[INFO] |  +- org.springframework.boot:spring-boot-starter-json:jar:2.2.2.RELEASE:compile
[INFO] |  |  +- com.fasterxml.jackson.datatype:jackson-datatype-jdk8:jar:2.10.1:compile
[INFO] |  |  +- com.fasterxml.jackson.datatype:jackson-datatype-jsr310:jar:2.10.1:compile
[INFO] |  |  \- com.fasterxml.jackson.module:jackson-module-parameter-names:jar:2.10.1:compile
[INFO] |  +- org.springframework.boot:spring-boot-starter-tomcat:jar:2.2.2.RELEASE:compile
[INFO] |  |  +- org.apache.tomcat.embed:tomcat-embed-core:jar:9.0.29:compile
[INFO] |  |  +- org.apache.tomcat.embed:tomcat-embed-el:jar:9.0.29:compile
[INFO] |  |  \- org.apache.tomcat.embed:tomcat-embed-websocket:jar:9.0.29:compile
[INFO] |  +- org.springframework.boot:spring-boot-starter-validation:jar:2.2.2.RELEASE:compile
[INFO] |  |  +- jakarta.validation:jakarta.validation-api:jar:2.0.1:compile
[INFO] |  |  \- org.hibernate.validator:hibernate-validator:jar:6.0.18.Final:compile
[INFO] |  +- org.springframework:spring-web:jar:5.2.2.RELEASE:compile
[INFO] |  \- org.springframework:spring-webmvc:jar:5.2.2.RELEASE:compile
[INFO] |     \- org.springframework:spring-expression:jar:5.2.2.RELEASE:compile
[INFO] +- org.springframework.boot:spring-boot-starter-test:jar:2.2.2.RELEASE:test
[INFO] |  +- org.springframework.boot:spring-boot-test:jar:2.2.2.RELEASE:test
[INFO] |  +- org.springframework.boot:spring-boot-test-autoconfigure:jar:2.2.2.RELEASE:test
[INFO] |  +- com.jayway.jsonpath:json-path:jar:2.4.0:test
[INFO] |  |  \- net.minidev:json-smart:jar:2.3:test
[INFO] |  |     \- net.minidev:accessors-smart:jar:1.2:test
[INFO] |  |        \- org.ow2.asm:asm:jar:5.0.4:test
[INFO] |  +- jakarta.xml.bind:jakarta.xml.bind-api:jar:2.3.2:compile
[INFO] |  +- org.junit.jupiter:junit-jupiter:jar:5.5.2:test
[INFO] |  |  +- org.junit.jupiter:junit-jupiter-api:jar:5.5.2:test
[INFO] |  |  |  +- org.opentest4j:opentest4j:jar:1.2.0:test
[INFO] |  |  |  \- org.junit.platform:junit-platform-commons:jar:1.5.2:test
[INFO] |  |  +- org.junit.jupiter:junit-jupiter-params:jar:5.5.2:test
[INFO] |  |  \- org.junit.jupiter:junit-jupiter-engine:jar:5.5.2:test
[INFO] |  +- org.junit.vintage:junit-vintage-engine:jar:5.5.2:test
[INFO] |  |  +- org.apiguardian:apiguardian-api:jar:1.1.0:test
[INFO] |  |  \- org.junit.platform:junit-platform-engine:jar:1.5.2:test
[INFO] |  +- org.mockito:mockito-junit-jupiter:jar:3.1.0:test
[INFO] |  +- org.assertj:assertj-core:jar:3.13.2:test
[INFO] |  +- org.hamcrest:hamcrest:jar:2.1:test
[INFO] |  +- org.mockito:mockito-core:jar:3.1.0:test
[INFO] |  |  +- net.bytebuddy:byte-buddy-agent:jar:1.10.4:test
[INFO] |  |  \- org.objenesis:objenesis:jar:2.6:test
[INFO] |  +- org.skyscreamer:jsonassert:jar:1.5.0:test
[INFO] |  |  \- com.vaadin.external.google:android-json:jar:0.0.20131108.vaadin1:test
[INFO] |  +- org.springframework:spring-core:jar:5.2.2.RELEASE:compile
[INFO] |  |  \- org.springframework:spring-jcl:jar:5.2.2.RELEASE:compile
[INFO] |  +- org.springframework:spring-test:jar:5.2.2.RELEASE:test
[INFO] |  \- org.xmlunit:xmlunit-core:jar:2.6.3:test
[INFO] +- org.springframework.boot:spring-boot-starter-security:jar:2.2.2.RELEASE:compile
[INFO] |  +- org.springframework:spring-aop:jar:5.2.2.RELEASE:compile
[INFO] |  +- org.springframework.security:spring-security-config:jar:5.2.1.RELEASE:compile
[INFO] |  |  \- org.springframework.security:spring-security-core:jar:5.2.1.RELEASE:compile
[INFO] |  \- org.springframework.security:spring-security-web:jar:5.2.1.RELEASE:compile
[INFO] +- org.springframework.boot:spring-boot-starter-actuator:jar:2.2.2.RELEASE:compile
[INFO] |  +- org.springframework.boot:spring-boot-actuator-autoconfigure:jar:2.2.2.RELEASE:compile
[INFO] |  |  \- org.springframework.boot:spring-boot-actuator:jar:2.2.2.RELEASE:compile
[INFO] |  \- io.micrometer:micrometer-core:jar:1.3.1:compile
[INFO] |     +- org.hdrhistogram:HdrHistogram:jar:2.1.11:compile
[INFO] |     \- org.latencyutils:LatencyUtils:jar:2.0.3:compile
[INFO] +- org.apache.logging.log4j:log4j-api:jar:2.12.1:compile
[INFO] +- org.apache.logging.log4j:log4j-core:jar:2.12.1:compile
[INFO] +- io.springfox:springfox-swagger2:jar:2.9.2:compile
[INFO] |  +- io.swagger:swagger-annotations:jar:1.5.20:compile
[INFO] |  +- io.swagger:swagger-models:jar:1.5.20:compile
[INFO] |  |  \- com.fasterxml.jackson.core:jackson-annotations:jar:2.10.1:compile
[INFO] |  +- io.springfox:springfox-spi:jar:2.9.2:compile
[INFO] |  |  \- io.springfox:springfox-core:jar:2.9.2:compile
[INFO] |  +- io.springfox:springfox-schema:jar:2.9.2:compile
[INFO] |  +- io.springfox:springfox-swagger-common:jar:2.9.2:compile
[INFO] |  +- io.springfox:springfox-spring-web:jar:2.9.2:compile
[INFO] |  +- com.google.guava:guava:jar:20.0:compile
[INFO] |  +- com.fasterxml:classmate:jar:1.5.1:compile
[INFO] |  +- org.slf4j:slf4j-api:jar:1.7.29:compile
[INFO] |  +- org.springframework.plugin:spring-plugin-core:jar:1.2.0.RELEASE:compile
[INFO] |  +- org.springframework.plugin:spring-plugin-metadata:jar:1.2.0.RELEASE:compile
[INFO] |  \- org.mapstruct:mapstruct:jar:1.2.0.Final:compile
[INFO] +- io.springfox:springfox-swagger-ui:jar:2.9.2:compile
[INFO] +- org.aspectj:aspectjrt:jar:1.9.2:compile
[INFO] +- javax.interceptor:javax.interceptor-api:jar:1.2.2:compile
[INFO] +- io.jsonwebtoken:jjwt:jar:0.7.0:compile
[INFO] |  \- com.fasterxml.jackson.core:jackson-databind:jar:2.10.1:compile
[INFO] |     \- com.fasterxml.jackson.core:jackson-core:jar:2.10.1:compile
[INFO] +- javax.ws.rs:javax.ws.rs-api:jar:2.1.1:compile
[INFO] +- org.projectlombok:lombok:jar:1.18.10:compile
[INFO] +- junit:junit:jar:4.12:test
[INFO] |  \- org.hamcrest:hamcrest-core:jar:2.1:test
[INFO] \- org.springframework.kafka:spring-kafka:jar:2.4.5.RELEASE:compile
[INFO]    +- org.apache.kafka:kafka-clients:jar:2.3.1:compile
[INFO]    |  +- com.github.luben:zstd-jni:jar:1.4.0-1:compile
[INFO]    |  +- org.lz4:lz4-java:jar:1.6.0:compile
[INFO]    |  \- org.xerial.snappy:snappy-java:jar:1.1.7.3:compile
[INFO]    +- org.springframework.retry:spring-retry:jar:1.2.4.RELEASE:compile
[INFO]    +- org.springframework:spring-context:jar:5.2.2.RELEASE:compile
[INFO]    +- org.springframework:spring-messaging:jar:5.2.2.RELEASE:compile
[INFO]    \- org.springframework:spring-tx:jar:5.2.2.RELEASE:compile
[INFO] 
[INFO] -----------------< sopra.prototype:sopra-repositories >-----------------
[INFO] Building sopra-repositories 0.0.1                                  [3/6]
[INFO] --------------------------------[ jar ]---------------------------------
[INFO] 
[INFO] --- maven-dependency-plugin:3.1.1:tree (default-cli) @ sopra-repositories ---
[INFO] sopra.prototype:sopra-repositories:jar:0.0.1
[INFO] +- sopra.prototype:sopra-vo:jar:0.0.1:compile
[INFO] +- org.mariadb.jdbc:mariadb-java-client:jar:2.4.4:compile
[INFO] +- org.springframework.boot:spring-boot-starter-data-jpa:jar:2.2.2.RELEASE:compile
[INFO] |  +- org.springframework.boot:spring-boot-starter-aop:jar:2.2.2.RELEASE:compile
[INFO] |  |  \- org.aspectj:aspectjweaver:jar:1.9.5:compile
[INFO] |  +- org.springframework.boot:spring-boot-starter-jdbc:jar:2.2.2.RELEASE:compile
[INFO] |  |  +- com.zaxxer:HikariCP:jar:3.4.1:compile
[INFO] |  |  \- org.springframework:spring-jdbc:jar:5.2.2.RELEASE:compile
[INFO] |  +- jakarta.activation:jakarta.activation-api:jar:1.2.1:compile
[INFO] |  +- jakarta.persistence:jakarta.persistence-api:jar:2.2.3:compile
[INFO] |  +- jakarta.transaction:jakarta.transaction-api:jar:1.3.3:compile
[INFO] |  +- org.hibernate:hibernate-core:jar:5.4.9.Final:compile
[INFO] |  |  +- org.jboss.logging:jboss-logging:jar:3.4.1.Final:compile
[INFO] |  |  +- org.javassist:javassist:jar:3.24.0-GA:compile
[INFO] |  |  +- net.bytebuddy:byte-buddy:jar:1.10.4:compile
[INFO] |  |  +- antlr:antlr:jar:2.7.7:compile
[INFO] |  |  +- org.jboss:jandex:jar:2.1.1.Final:compile
[INFO] |  |  +- org.dom4j:dom4j:jar:2.1.1:compile
[INFO] |  |  +- org.hibernate.common:hibernate-commons-annotations:jar:5.1.0.Final:compile
[INFO] |  |  \- org.glassfish.jaxb:jaxb-runtime:jar:2.3.2:compile
[INFO] |  |     +- org.glassfish.jaxb:txw2:jar:2.3.2:compile
[INFO] |  |     +- com.sun.istack:istack-commons-runtime:jar:3.0.8:compile
[INFO] |  |     +- org.jvnet.staxex:stax-ex:jar:1.8.1:compile
[INFO] |  |     \- com.sun.xml.fastinfoset:FastInfoset:jar:1.2.16:compile
[INFO] |  +- org.springframework.data:spring-data-jpa:jar:2.2.3.RELEASE:compile
[INFO] |  |  +- org.springframework.data:spring-data-commons:jar:2.2.3.RELEASE:compile
[INFO] |  |  +- org.springframework:spring-orm:jar:5.2.2.RELEASE:compile
[INFO] |  |  \- org.springframework:spring-beans:jar:5.2.2.RELEASE:compile
[INFO] |  \- org.springframework:spring-aspects:jar:5.2.2.RELEASE:compile
[INFO] +- org.springframework.boot:spring-boot-starter-web:jar:2.2.2.RELEASE:compile
[INFO] |  +- org.springframework.boot:spring-boot-starter:jar:2.2.2.RELEASE:compile
[INFO] |  |  +- org.springframework.boot:spring-boot:jar:2.2.2.RELEASE:compile
[INFO] |  |  +- org.springframework.boot:spring-boot-autoconfigure:jar:2.2.2.RELEASE:compile
[INFO] |  |  +- org.springframework.boot:spring-boot-starter-logging:jar:2.2.2.RELEASE:compile
[INFO] |  |  |  +- ch.qos.logback:logback-classic:jar:1.2.3:compile
[INFO] |  |  |  |  \- ch.qos.logback:logback-core:jar:1.2.3:compile
[INFO] |  |  |  +- org.apache.logging.log4j:log4j-to-slf4j:jar:2.12.1:compile
[INFO] |  |  |  \- org.slf4j:jul-to-slf4j:jar:1.7.29:compile
[INFO] |  |  +- jakarta.annotation:jakarta.annotation-api:jar:1.3.5:compile
[INFO] |  |  \- org.yaml:snakeyaml:jar:1.25:runtime
[INFO] |  +- org.springframework.boot:spring-boot-starter-json:jar:2.2.2.RELEASE:compile
[INFO] |  |  +- com.fasterxml.jackson.datatype:jackson-datatype-jdk8:jar:2.10.1:compile
[INFO] |  |  +- com.fasterxml.jackson.datatype:jackson-datatype-jsr310:jar:2.10.1:compile
[INFO] |  |  \- com.fasterxml.jackson.module:jackson-module-parameter-names:jar:2.10.1:compile
[INFO] |  +- org.springframework.boot:spring-boot-starter-tomcat:jar:2.2.2.RELEASE:compile
[INFO] |  |  +- org.apache.tomcat.embed:tomcat-embed-core:jar:9.0.29:compile
[INFO] |  |  +- org.apache.tomcat.embed:tomcat-embed-el:jar:9.0.29:compile
[INFO] |  |  \- org.apache.tomcat.embed:tomcat-embed-websocket:jar:9.0.29:compile
[INFO] |  +- org.springframework.boot:spring-boot-starter-validation:jar:2.2.2.RELEASE:compile
[INFO] |  |  +- jakarta.validation:jakarta.validation-api:jar:2.0.1:compile
[INFO] |  |  \- org.hibernate.validator:hibernate-validator:jar:6.0.18.Final:compile
[INFO] |  +- org.springframework:spring-web:jar:5.2.2.RELEASE:compile
[INFO] |  \- org.springframework:spring-webmvc:jar:5.2.2.RELEASE:compile
[INFO] |     \- org.springframework:spring-expression:jar:5.2.2.RELEASE:compile
[INFO] +- org.springframework.boot:spring-boot-starter-test:jar:2.2.2.RELEASE:test
[INFO] |  +- org.springframework.boot:spring-boot-test:jar:2.2.2.RELEASE:test
[INFO] |  +- org.springframework.boot:spring-boot-test-autoconfigure:jar:2.2.2.RELEASE:test
[INFO] |  +- com.jayway.jsonpath:json-path:jar:2.4.0:test
[INFO] |  |  \- net.minidev:json-smart:jar:2.3:test
[INFO] |  |     \- net.minidev:accessors-smart:jar:1.2:test
[INFO] |  |        \- org.ow2.asm:asm:jar:5.0.4:test
[INFO] |  +- jakarta.xml.bind:jakarta.xml.bind-api:jar:2.3.2:compile
[INFO] |  +- org.junit.jupiter:junit-jupiter:jar:5.5.2:test
[INFO] |  |  +- org.junit.jupiter:junit-jupiter-api:jar:5.5.2:test
[INFO] |  |  |  +- org.opentest4j:opentest4j:jar:1.2.0:test
[INFO] |  |  |  \- org.junit.platform:junit-platform-commons:jar:1.5.2:test
[INFO] |  |  +- org.junit.jupiter:junit-jupiter-params:jar:5.5.2:test
[INFO] |  |  \- org.junit.jupiter:junit-jupiter-engine:jar:5.5.2:test
[INFO] |  +- org.junit.vintage:junit-vintage-engine:jar:5.5.2:test
[INFO] |  |  +- org.apiguardian:apiguardian-api:jar:1.1.0:test
[INFO] |  |  \- org.junit.platform:junit-platform-engine:jar:1.5.2:test
[INFO] |  +- org.mockito:mockito-junit-jupiter:jar:3.1.0:test
[INFO] |  +- org.assertj:assertj-core:jar:3.13.2:test
[INFO] |  +- org.hamcrest:hamcrest:jar:2.1:test
[INFO] |  +- org.mockito:mockito-core:jar:3.1.0:test
[INFO] |  |  +- net.bytebuddy:byte-buddy-agent:jar:1.10.4:test
[INFO] |  |  \- org.objenesis:objenesis:jar:2.6:test
[INFO] |  +- org.skyscreamer:jsonassert:jar:1.5.0:test
[INFO] |  |  \- com.vaadin.external.google:android-json:jar:0.0.20131108.vaadin1:test
[INFO] |  +- org.springframework:spring-core:jar:5.2.2.RELEASE:compile
[INFO] |  |  \- org.springframework:spring-jcl:jar:5.2.2.RELEASE:compile
[INFO] |  +- org.springframework:spring-test:jar:5.2.2.RELEASE:test
[INFO] |  \- org.xmlunit:xmlunit-core:jar:2.6.3:test
[INFO] +- org.springframework.boot:spring-boot-starter-security:jar:2.2.2.RELEASE:compile
[INFO] |  +- org.springframework:spring-aop:jar:5.2.2.RELEASE:compile
[INFO] |  +- org.springframework.security:spring-security-config:jar:5.2.1.RELEASE:compile
[INFO] |  |  \- org.springframework.security:spring-security-core:jar:5.2.1.RELEASE:compile
[INFO] |  \- org.springframework.security:spring-security-web:jar:5.2.1.RELEASE:compile
[INFO] +- org.springframework.boot:spring-boot-starter-actuator:jar:2.2.2.RELEASE:compile
[INFO] |  +- org.springframework.boot:spring-boot-actuator-autoconfigure:jar:2.2.2.RELEASE:compile
[INFO] |  |  \- org.springframework.boot:spring-boot-actuator:jar:2.2.2.RELEASE:compile
[INFO] |  \- io.micrometer:micrometer-core:jar:1.3.1:compile
[INFO] |     +- org.hdrhistogram:HdrHistogram:jar:2.1.11:compile
[INFO] |     \- org.latencyutils:LatencyUtils:jar:2.0.3:compile
[INFO] +- org.apache.logging.log4j:log4j-api:jar:2.12.1:compile
[INFO] +- org.apache.logging.log4j:log4j-core:jar:2.12.1:compile
[INFO] +- io.springfox:springfox-swagger2:jar:2.9.2:compile
[INFO] |  +- io.swagger:swagger-annotations:jar:1.5.20:compile
[INFO] |  +- io.swagger:swagger-models:jar:1.5.20:compile
[INFO] |  |  \- com.fasterxml.jackson.core:jackson-annotations:jar:2.10.1:compile
[INFO] |  +- io.springfox:springfox-spi:jar:2.9.2:compile
[INFO] |  |  \- io.springfox:springfox-core:jar:2.9.2:compile
[INFO] |  +- io.springfox:springfox-schema:jar:2.9.2:compile
[INFO] |  +- io.springfox:springfox-swagger-common:jar:2.9.2:compile
[INFO] |  +- io.springfox:springfox-spring-web:jar:2.9.2:compile
[INFO] |  +- com.google.guava:guava:jar:20.0:compile
[INFO] |  +- com.fasterxml:classmate:jar:1.5.1:compile
[INFO] |  +- org.slf4j:slf4j-api:jar:1.7.29:compile
[INFO] |  +- org.springframework.plugin:spring-plugin-core:jar:1.2.0.RELEASE:compile
[INFO] |  +- org.springframework.plugin:spring-plugin-metadata:jar:1.2.0.RELEASE:compile
[INFO] |  \- org.mapstruct:mapstruct:jar:1.2.0.Final:compile
[INFO] +- io.springfox:springfox-swagger-ui:jar:2.9.2:compile
[INFO] +- org.aspectj:aspectjrt:jar:1.9.2:compile
[INFO] +- javax.interceptor:javax.interceptor-api:jar:1.2.2:compile
[INFO] +- io.jsonwebtoken:jjwt:jar:0.7.0:compile
[INFO] |  \- com.fasterxml.jackson.core:jackson-databind:jar:2.10.1:compile
[INFO] |     \- com.fasterxml.jackson.core:jackson-core:jar:2.10.1:compile
[INFO] +- javax.ws.rs:javax.ws.rs-api:jar:2.1.1:compile
[INFO] +- org.projectlombok:lombok:jar:1.18.10:compile
[INFO] +- junit:junit:jar:4.12:test
[INFO] |  \- org.hamcrest:hamcrest-core:jar:2.1:test
[INFO] \- org.springframework.kafka:spring-kafka:jar:2.4.5.RELEASE:compile
[INFO]    +- org.apache.kafka:kafka-clients:jar:2.3.1:compile
[INFO]    |  +- com.github.luben:zstd-jni:jar:1.4.0-1:compile
[INFO]    |  +- org.lz4:lz4-java:jar:1.6.0:compile
[INFO]    |  \- org.xerial.snappy:snappy-java:jar:1.1.7.3:compile
[INFO]    +- org.springframework.retry:spring-retry:jar:1.2.4.RELEASE:compile
[INFO]    +- org.springframework:spring-context:jar:5.2.2.RELEASE:compile
[INFO]    +- org.springframework:spring-messaging:jar:5.2.2.RELEASE:compile
[INFO]    \- org.springframework:spring-tx:jar:5.2.2.RELEASE:compile
[INFO] 
[INFO] -------------------< sopra.prototype:sopra-services >-------------------
[INFO] Building sopra-services 0.0.1                                      [4/6]
[INFO] --------------------------------[ jar ]---------------------------------
[INFO] 
[INFO] --- maven-dependency-plugin:3.1.1:tree (default-cli) @ sopra-services ---
[INFO] sopra.prototype:sopra-services:jar:0.0.1
[INFO] +- sopra.prototype:sopra-repositories:jar:0.0.1:compile
[INFO] |  \- sopra.prototype:sopra-vo:jar:0.0.1:compile
[INFO] +- io.vavr:vavr:jar:0.10.3:compile
[INFO] |  \- io.vavr:vavr-match:jar:0.10.3:compile
[INFO] +- org.mariadb.jdbc:mariadb-java-client:jar:2.4.4:compile
[INFO] +- org.springframework.boot:spring-boot-starter-data-jpa:jar:2.2.2.RELEASE:compile
[INFO] |  +- org.springframework.boot:spring-boot-starter-aop:jar:2.2.2.RELEASE:compile
[INFO] |  |  \- org.aspectj:aspectjweaver:jar:1.9.5:compile
[INFO] |  +- org.springframework.boot:spring-boot-starter-jdbc:jar:2.2.2.RELEASE:compile
[INFO] |  |  +- com.zaxxer:HikariCP:jar:3.4.1:compile
[INFO] |  |  \- org.springframework:spring-jdbc:jar:5.2.2.RELEASE:compile
[INFO] |  +- jakarta.activation:jakarta.activation-api:jar:1.2.1:compile
[INFO] |  +- jakarta.persistence:jakarta.persistence-api:jar:2.2.3:compile
[INFO] |  +- jakarta.transaction:jakarta.transaction-api:jar:1.3.3:compile
[INFO] |  +- org.hibernate:hibernate-core:jar:5.4.9.Final:compile
[INFO] |  |  +- org.jboss.logging:jboss-logging:jar:3.4.1.Final:compile
[INFO] |  |  +- org.javassist:javassist:jar:3.24.0-GA:compile
[INFO] |  |  +- net.bytebuddy:byte-buddy:jar:1.10.4:compile
[INFO] |  |  +- antlr:antlr:jar:2.7.7:compile
[INFO] |  |  +- org.jboss:jandex:jar:2.1.1.Final:compile
[INFO] |  |  +- org.dom4j:dom4j:jar:2.1.1:compile
[INFO] |  |  +- org.hibernate.common:hibernate-commons-annotations:jar:5.1.0.Final:compile
[INFO] |  |  \- org.glassfish.jaxb:jaxb-runtime:jar:2.3.2:compile
[INFO] |  |     +- org.glassfish.jaxb:txw2:jar:2.3.2:compile
[INFO] |  |     +- com.sun.istack:istack-commons-runtime:jar:3.0.8:compile
[INFO] |  |     +- org.jvnet.staxex:stax-ex:jar:1.8.1:compile
[INFO] |  |     \- com.sun.xml.fastinfoset:FastInfoset:jar:1.2.16:compile
[INFO] |  +- org.springframework.data:spring-data-jpa:jar:2.2.3.RELEASE:compile
[INFO] |  |  +- org.springframework.data:spring-data-commons:jar:2.2.3.RELEASE:compile
[INFO] |  |  +- org.springframework:spring-orm:jar:5.2.2.RELEASE:compile
[INFO] |  |  \- org.springframework:spring-beans:jar:5.2.2.RELEASE:compile
[INFO] |  \- org.springframework:spring-aspects:jar:5.2.2.RELEASE:compile
[INFO] +- org.springframework.boot:spring-boot-starter-web:jar:2.2.2.RELEASE:compile
[INFO] |  +- org.springframework.boot:spring-boot-starter:jar:2.2.2.RELEASE:compile
[INFO] |  |  +- org.springframework.boot:spring-boot:jar:2.2.2.RELEASE:compile
[INFO] |  |  +- org.springframework.boot:spring-boot-autoconfigure:jar:2.2.2.RELEASE:compile
[INFO] |  |  +- org.springframework.boot:spring-boot-starter-logging:jar:2.2.2.RELEASE:compile
[INFO] |  |  |  +- ch.qos.logback:logback-classic:jar:1.2.3:compile
[INFO] |  |  |  |  \- ch.qos.logback:logback-core:jar:1.2.3:compile
[INFO] |  |  |  +- org.apache.logging.log4j:log4j-to-slf4j:jar:2.12.1:compile
[INFO] |  |  |  \- org.slf4j:jul-to-slf4j:jar:1.7.29:compile
[INFO] |  |  +- jakarta.annotation:jakarta.annotation-api:jar:1.3.5:compile
[INFO] |  |  \- org.yaml:snakeyaml:jar:1.25:runtime
[INFO] |  +- org.springframework.boot:spring-boot-starter-json:jar:2.2.2.RELEASE:compile
[INFO] |  |  +- com.fasterxml.jackson.datatype:jackson-datatype-jdk8:jar:2.10.1:compile
[INFO] |  |  +- com.fasterxml.jackson.datatype:jackson-datatype-jsr310:jar:2.10.1:compile
[INFO] |  |  \- com.fasterxml.jackson.module:jackson-module-parameter-names:jar:2.10.1:compile
[INFO] |  +- org.springframework.boot:spring-boot-starter-tomcat:jar:2.2.2.RELEASE:compile
[INFO] |  |  +- org.apache.tomcat.embed:tomcat-embed-core:jar:9.0.29:compile
[INFO] |  |  +- org.apache.tomcat.embed:tomcat-embed-el:jar:9.0.29:compile
[INFO] |  |  \- org.apache.tomcat.embed:tomcat-embed-websocket:jar:9.0.29:compile
[INFO] |  +- org.springframework.boot:spring-boot-starter-validation:jar:2.2.2.RELEASE:compile
[INFO] |  |  +- jakarta.validation:jakarta.validation-api:jar:2.0.1:compile
[INFO] |  |  \- org.hibernate.validator:hibernate-validator:jar:6.0.18.Final:compile
[INFO] |  +- org.springframework:spring-web:jar:5.2.2.RELEASE:compile
[INFO] |  \- org.springframework:spring-webmvc:jar:5.2.2.RELEASE:compile
[INFO] |     \- org.springframework:spring-expression:jar:5.2.2.RELEASE:compile
[INFO] +- org.springframework.boot:spring-boot-starter-test:jar:2.2.2.RELEASE:test
[INFO] |  +- org.springframework.boot:spring-boot-test:jar:2.2.2.RELEASE:test
[INFO] |  +- org.springframework.boot:spring-boot-test-autoconfigure:jar:2.2.2.RELEASE:test
[INFO] |  +- com.jayway.jsonpath:json-path:jar:2.4.0:test
[INFO] |  |  \- net.minidev:json-smart:jar:2.3:test
[INFO] |  |     \- net.minidev:accessors-smart:jar:1.2:test
[INFO] |  |        \- org.ow2.asm:asm:jar:5.0.4:test
[INFO] |  +- jakarta.xml.bind:jakarta.xml.bind-api:jar:2.3.2:compile
[INFO] |  +- org.junit.jupiter:junit-jupiter:jar:5.5.2:test
[INFO] |  |  +- org.junit.jupiter:junit-jupiter-api:jar:5.5.2:test
[INFO] |  |  |  +- org.opentest4j:opentest4j:jar:1.2.0:test
[INFO] |  |  |  \- org.junit.platform:junit-platform-commons:jar:1.5.2:test
[INFO] |  |  +- org.junit.jupiter:junit-jupiter-params:jar:5.5.2:test
[INFO] |  |  \- org.junit.jupiter:junit-jupiter-engine:jar:5.5.2:test
[INFO] |  +- org.junit.vintage:junit-vintage-engine:jar:5.5.2:test
[INFO] |  |  +- org.apiguardian:apiguardian-api:jar:1.1.0:test
[INFO] |  |  \- org.junit.platform:junit-platform-engine:jar:1.5.2:test
[INFO] |  +- org.mockito:mockito-junit-jupiter:jar:3.1.0:test
[INFO] |  +- org.assertj:assertj-core:jar:3.13.2:test
[INFO] |  +- org.hamcrest:hamcrest:jar:2.1:test
[INFO] |  +- org.mockito:mockito-core:jar:3.1.0:test
[INFO] |  |  +- net.bytebuddy:byte-buddy-agent:jar:1.10.4:test
[INFO] |  |  \- org.objenesis:objenesis:jar:2.6:test
[INFO] |  +- org.skyscreamer:jsonassert:jar:1.5.0:test
[INFO] |  |  \- com.vaadin.external.google:android-json:jar:0.0.20131108.vaadin1:test
[INFO] |  +- org.springframework:spring-core:jar:5.2.2.RELEASE:compile
[INFO] |  |  \- org.springframework:spring-jcl:jar:5.2.2.RELEASE:compile
[INFO] |  +- org.springframework:spring-test:jar:5.2.2.RELEASE:test
[INFO] |  \- org.xmlunit:xmlunit-core:jar:2.6.3:test
[INFO] +- org.springframework.boot:spring-boot-starter-security:jar:2.2.2.RELEASE:compile
[INFO] |  +- org.springframework:spring-aop:jar:5.2.2.RELEASE:compile
[INFO] |  +- org.springframework.security:spring-security-config:jar:5.2.1.RELEASE:compile
[INFO] |  |  \- org.springframework.security:spring-security-core:jar:5.2.1.RELEASE:compile
[INFO] |  \- org.springframework.security:spring-security-web:jar:5.2.1.RELEASE:compile
[INFO] +- org.springframework.boot:spring-boot-starter-actuator:jar:2.2.2.RELEASE:compile
[INFO] |  +- org.springframework.boot:spring-boot-actuator-autoconfigure:jar:2.2.2.RELEASE:compile
[INFO] |  |  \- org.springframework.boot:spring-boot-actuator:jar:2.2.2.RELEASE:compile
[INFO] |  \- io.micrometer:micrometer-core:jar:1.3.1:compile
[INFO] |     +- org.hdrhistogram:HdrHistogram:jar:2.1.11:compile
[INFO] |     \- org.latencyutils:LatencyUtils:jar:2.0.3:compile
[INFO] +- org.apache.logging.log4j:log4j-api:jar:2.12.1:compile
[INFO] +- org.apache.logging.log4j:log4j-core:jar:2.12.1:compile
[INFO] +- io.springfox:springfox-swagger2:jar:2.9.2:compile
[INFO] |  +- io.swagger:swagger-annotations:jar:1.5.20:compile
[INFO] |  +- io.swagger:swagger-models:jar:1.5.20:compile
[INFO] |  |  \- com.fasterxml.jackson.core:jackson-annotations:jar:2.10.1:compile
[INFO] |  +- io.springfox:springfox-spi:jar:2.9.2:compile
[INFO] |  |  \- io.springfox:springfox-core:jar:2.9.2:compile
[INFO] |  +- io.springfox:springfox-schema:jar:2.9.2:compile
[INFO] |  +- io.springfox:springfox-swagger-common:jar:2.9.2:compile
[INFO] |  +- io.springfox:springfox-spring-web:jar:2.9.2:compile
[INFO] |  +- com.google.guava:guava:jar:20.0:compile
[INFO] |  +- com.fasterxml:classmate:jar:1.5.1:compile
[INFO] |  +- org.slf4j:slf4j-api:jar:1.7.29:compile
[INFO] |  +- org.springframework.plugin:spring-plugin-core:jar:1.2.0.RELEASE:compile
[INFO] |  +- org.springframework.plugin:spring-plugin-metadata:jar:1.2.0.RELEASE:compile
[INFO] |  \- org.mapstruct:mapstruct:jar:1.2.0.Final:compile
[INFO] +- io.springfox:springfox-swagger-ui:jar:2.9.2:compile
[INFO] +- org.aspectj:aspectjrt:jar:1.9.2:compile
[INFO] +- javax.interceptor:javax.interceptor-api:jar:1.2.2:compile
[INFO] +- io.jsonwebtoken:jjwt:jar:0.7.0:compile
[INFO] |  \- com.fasterxml.jackson.core:jackson-databind:jar:2.10.1:compile
[INFO] |     \- com.fasterxml.jackson.core:jackson-core:jar:2.10.1:compile
[INFO] +- javax.ws.rs:javax.ws.rs-api:jar:2.1.1:compile
[INFO] +- org.projectlombok:lombok:jar:1.18.10:compile
[INFO] +- junit:junit:jar:4.12:test
[INFO] |  \- org.hamcrest:hamcrest-core:jar:2.1:test
[INFO] \- org.springframework.kafka:spring-kafka:jar:2.4.5.RELEASE:compile
[INFO]    +- org.apache.kafka:kafka-clients:jar:2.3.1:compile
[INFO]    |  +- com.github.luben:zstd-jni:jar:1.4.0-1:compile
[INFO]    |  +- org.lz4:lz4-java:jar:1.6.0:compile
[INFO]    |  \- org.xerial.snappy:snappy-java:jar:1.1.7.3:compile
[INFO]    +- org.springframework.retry:spring-retry:jar:1.2.4.RELEASE:compile
[INFO]    +- org.springframework:spring-context:jar:5.2.2.RELEASE:compile
[INFO]    +- org.springframework:spring-messaging:jar:5.2.2.RELEASE:compile
[INFO]    \- org.springframework:spring-tx:jar:5.2.2.RELEASE:compile
[INFO] 
[INFO] ------------------< sopra.prototype:sopra-controller >------------------
[INFO] Building sopra-controller 0.0.1                                    [5/6]
[INFO] --------------------------------[ jar ]---------------------------------
[INFO] 
[INFO] --- maven-dependency-plugin:3.1.1:tree (default-cli) @ sopra-controller ---
[INFO] sopra.prototype:sopra-controller:jar:0.0.1
[INFO] +- sopra.prototype:sopra-services:jar:0.0.1:compile
[INFO] |  +- sopra.prototype:sopra-repositories:jar:0.0.1:compile
[INFO] |  |  \- sopra.prototype:sopra-vo:jar:0.0.1:compile
[INFO] |  \- io.vavr:vavr:jar:0.10.3:compile
[INFO] |     \- io.vavr:vavr-match:jar:0.10.3:compile
[INFO] +- org.mariadb.jdbc:mariadb-java-client:jar:2.4.4:compile
[INFO] +- org.springframework.boot:spring-boot-starter-data-jpa:jar:2.2.2.RELEASE:compile
[INFO] |  +- org.springframework.boot:spring-boot-starter-aop:jar:2.2.2.RELEASE:compile
[INFO] |  |  \- org.aspectj:aspectjweaver:jar:1.9.5:compile
[INFO] |  +- org.springframework.boot:spring-boot-starter-jdbc:jar:2.2.2.RELEASE:compile
[INFO] |  |  +- com.zaxxer:HikariCP:jar:3.4.1:compile
[INFO] |  |  \- org.springframework:spring-jdbc:jar:5.2.2.RELEASE:compile
[INFO] |  +- jakarta.activation:jakarta.activation-api:jar:1.2.1:compile
[INFO] |  +- jakarta.persistence:jakarta.persistence-api:jar:2.2.3:compile
[INFO] |  +- jakarta.transaction:jakarta.transaction-api:jar:1.3.3:compile
[INFO] |  +- org.hibernate:hibernate-core:jar:5.4.9.Final:compile
[INFO] |  |  +- org.jboss.logging:jboss-logging:jar:3.4.1.Final:compile
[INFO] |  |  +- org.javassist:javassist:jar:3.24.0-GA:compile
[INFO] |  |  +- net.bytebuddy:byte-buddy:jar:1.10.4:compile
[INFO] |  |  +- antlr:antlr:jar:2.7.7:compile
[INFO] |  |  +- org.jboss:jandex:jar:2.1.1.Final:compile
[INFO] |  |  +- org.dom4j:dom4j:jar:2.1.1:compile
[INFO] |  |  +- org.hibernate.common:hibernate-commons-annotations:jar:5.1.0.Final:compile
[INFO] |  |  \- org.glassfish.jaxb:jaxb-runtime:jar:2.3.2:compile
[INFO] |  |     +- org.glassfish.jaxb:txw2:jar:2.3.2:compile
[INFO] |  |     +- com.sun.istack:istack-commons-runtime:jar:3.0.8:compile
[INFO] |  |     +- org.jvnet.staxex:stax-ex:jar:1.8.1:compile
[INFO] |  |     \- com.sun.xml.fastinfoset:FastInfoset:jar:1.2.16:compile
[INFO] |  +- org.springframework.data:spring-data-jpa:jar:2.2.3.RELEASE:compile
[INFO] |  |  +- org.springframework.data:spring-data-commons:jar:2.2.3.RELEASE:compile
[INFO] |  |  +- org.springframework:spring-orm:jar:5.2.2.RELEASE:compile
[INFO] |  |  \- org.springframework:spring-beans:jar:5.2.2.RELEASE:compile
[INFO] |  \- org.springframework:spring-aspects:jar:5.2.2.RELEASE:compile
[INFO] +- org.springframework.boot:spring-boot-starter-web:jar:2.2.2.RELEASE:compile
[INFO] |  +- org.springframework.boot:spring-boot-starter:jar:2.2.2.RELEASE:compile
[INFO] |  |  +- org.springframework.boot:spring-boot:jar:2.2.2.RELEASE:compile
[INFO] |  |  +- org.springframework.boot:spring-boot-autoconfigure:jar:2.2.2.RELEASE:compile
[INFO] |  |  +- org.springframework.boot:spring-boot-starter-logging:jar:2.2.2.RELEASE:compile
[INFO] |  |  |  +- ch.qos.logback:logback-classic:jar:1.2.3:compile
[INFO] |  |  |  |  \- ch.qos.logback:logback-core:jar:1.2.3:compile
[INFO] |  |  |  +- org.apache.logging.log4j:log4j-to-slf4j:jar:2.12.1:compile
[INFO] |  |  |  \- org.slf4j:jul-to-slf4j:jar:1.7.29:compile
[INFO] |  |  +- jakarta.annotation:jakarta.annotation-api:jar:1.3.5:compile
[INFO] |  |  \- org.yaml:snakeyaml:jar:1.25:runtime
[INFO] |  +- org.springframework.boot:spring-boot-starter-json:jar:2.2.2.RELEASE:compile
[INFO] |  |  +- com.fasterxml.jackson.datatype:jackson-datatype-jdk8:jar:2.10.1:compile
[INFO] |  |  +- com.fasterxml.jackson.datatype:jackson-datatype-jsr310:jar:2.10.1:compile
[INFO] |  |  \- com.fasterxml.jackson.module:jackson-module-parameter-names:jar:2.10.1:compile
[INFO] |  +- org.springframework.boot:spring-boot-starter-tomcat:jar:2.2.2.RELEASE:compile
[INFO] |  |  +- org.apache.tomcat.embed:tomcat-embed-core:jar:9.0.29:compile
[INFO] |  |  +- org.apache.tomcat.embed:tomcat-embed-el:jar:9.0.29:compile
[INFO] |  |  \- org.apache.tomcat.embed:tomcat-embed-websocket:jar:9.0.29:compile
[INFO] |  +- org.springframework.boot:spring-boot-starter-validation:jar:2.2.2.RELEASE:compile
[INFO] |  |  +- jakarta.validation:jakarta.validation-api:jar:2.0.1:compile
[INFO] |  |  \- org.hibernate.validator:hibernate-validator:jar:6.0.18.Final:compile
[INFO] |  +- org.springframework:spring-web:jar:5.2.2.RELEASE:compile
[INFO] |  \- org.springframework:spring-webmvc:jar:5.2.2.RELEASE:compile
[INFO] |     \- org.springframework:spring-expression:jar:5.2.2.RELEASE:compile
[INFO] +- org.springframework.boot:spring-boot-starter-test:jar:2.2.2.RELEASE:test
[INFO] |  +- org.springframework.boot:spring-boot-test:jar:2.2.2.RELEASE:test
[INFO] |  +- org.springframework.boot:spring-boot-test-autoconfigure:jar:2.2.2.RELEASE:test
[INFO] |  +- com.jayway.jsonpath:json-path:jar:2.4.0:test
[INFO] |  |  \- net.minidev:json-smart:jar:2.3:test
[INFO] |  |     \- net.minidev:accessors-smart:jar:1.2:test
[INFO] |  |        \- org.ow2.asm:asm:jar:5.0.4:test
[INFO] |  +- jakarta.xml.bind:jakarta.xml.bind-api:jar:2.3.2:compile
[INFO] |  +- org.junit.jupiter:junit-jupiter:jar:5.5.2:test
[INFO] |  |  +- org.junit.jupiter:junit-jupiter-api:jar:5.5.2:test
[INFO] |  |  |  +- org.opentest4j:opentest4j:jar:1.2.0:test
[INFO] |  |  |  \- org.junit.platform:junit-platform-commons:jar:1.5.2:test
[INFO] |  |  +- org.junit.jupiter:junit-jupiter-params:jar:5.5.2:test
[INFO] |  |  \- org.junit.jupiter:junit-jupiter-engine:jar:5.5.2:test
[INFO] |  +- org.junit.vintage:junit-vintage-engine:jar:5.5.2:test
[INFO] |  |  +- org.apiguardian:apiguardian-api:jar:1.1.0:test
[INFO] |  |  \- org.junit.platform:junit-platform-engine:jar:1.5.2:test
[INFO] |  +- org.mockito:mockito-junit-jupiter:jar:3.1.0:test
[INFO] |  +- org.assertj:assertj-core:jar:3.13.2:test
[INFO] |  +- org.hamcrest:hamcrest:jar:2.1:test
[INFO] |  +- org.mockito:mockito-core:jar:3.1.0:test
[INFO] |  |  +- net.bytebuddy:byte-buddy-agent:jar:1.10.4:test
[INFO] |  |  \- org.objenesis:objenesis:jar:2.6:test
[INFO] |  +- org.skyscreamer:jsonassert:jar:1.5.0:test
[INFO] |  |  \- com.vaadin.external.google:android-json:jar:0.0.20131108.vaadin1:test
[INFO] |  +- org.springframework:spring-core:jar:5.2.2.RELEASE:compile
[INFO] |  |  \- org.springframework:spring-jcl:jar:5.2.2.RELEASE:compile
[INFO] |  +- org.springframework:spring-test:jar:5.2.2.RELEASE:test
[INFO] |  \- org.xmlunit:xmlunit-core:jar:2.6.3:test
[INFO] +- org.springframework.boot:spring-boot-starter-security:jar:2.2.2.RELEASE:compile
[INFO] |  +- org.springframework:spring-aop:jar:5.2.2.RELEASE:compile
[INFO] |  +- org.springframework.security:spring-security-config:jar:5.2.1.RELEASE:compile
[INFO] |  |  \- org.springframework.security:spring-security-core:jar:5.2.1.RELEASE:compile
[INFO] |  \- org.springframework.security:spring-security-web:jar:5.2.1.RELEASE:compile
[INFO] +- org.springframework.boot:spring-boot-starter-actuator:jar:2.2.2.RELEASE:compile
[INFO] |  +- org.springframework.boot:spring-boot-actuator-autoconfigure:jar:2.2.2.RELEASE:compile
[INFO] |  |  \- org.springframework.boot:spring-boot-actuator:jar:2.2.2.RELEASE:compile
[INFO] |  \- io.micrometer:micrometer-core:jar:1.3.1:compile
[INFO] |     +- org.hdrhistogram:HdrHistogram:jar:2.1.11:compile
[INFO] |     \- org.latencyutils:LatencyUtils:jar:2.0.3:compile
[INFO] +- org.apache.logging.log4j:log4j-api:jar:2.12.1:compile
[INFO] +- org.apache.logging.log4j:log4j-core:jar:2.12.1:compile
[INFO] +- io.springfox:springfox-swagger2:jar:2.9.2:compile
[INFO] |  +- io.swagger:swagger-annotations:jar:1.5.20:compile
[INFO] |  +- io.swagger:swagger-models:jar:1.5.20:compile
[INFO] |  |  \- com.fasterxml.jackson.core:jackson-annotations:jar:2.10.1:compile
[INFO] |  +- io.springfox:springfox-spi:jar:2.9.2:compile
[INFO] |  |  \- io.springfox:springfox-core:jar:2.9.2:compile
[INFO] |  +- io.springfox:springfox-schema:jar:2.9.2:compile
[INFO] |  +- io.springfox:springfox-swagger-common:jar:2.9.2:compile
[INFO] |  +- io.springfox:springfox-spring-web:jar:2.9.2:compile
[INFO] |  +- com.google.guava:guava:jar:20.0:compile
[INFO] |  +- com.fasterxml:classmate:jar:1.5.1:compile
[INFO] |  +- org.slf4j:slf4j-api:jar:1.7.29:compile
[INFO] |  +- org.springframework.plugin:spring-plugin-core:jar:1.2.0.RELEASE:compile
[INFO] |  +- org.springframework.plugin:spring-plugin-metadata:jar:1.2.0.RELEASE:compile
[INFO] |  \- org.mapstruct:mapstruct:jar:1.2.0.Final:compile
[INFO] +- io.springfox:springfox-swagger-ui:jar:2.9.2:compile
[INFO] +- org.aspectj:aspectjrt:jar:1.9.2:compile
[INFO] +- javax.interceptor:javax.interceptor-api:jar:1.2.2:compile
[INFO] +- io.jsonwebtoken:jjwt:jar:0.7.0:compile
[INFO] |  \- com.fasterxml.jackson.core:jackson-databind:jar:2.10.1:compile
[INFO] |     \- com.fasterxml.jackson.core:jackson-core:jar:2.10.1:compile
[INFO] +- javax.ws.rs:javax.ws.rs-api:jar:2.1.1:compile
[INFO] +- org.projectlombok:lombok:jar:1.18.10:compile
[INFO] +- junit:junit:jar:4.12:test
[INFO] |  \- org.hamcrest:hamcrest-core:jar:2.1:test
[INFO] \- org.springframework.kafka:spring-kafka:jar:2.4.5.RELEASE:compile
[INFO]    +- org.apache.kafka:kafka-clients:jar:2.3.1:compile
[INFO]    |  +- com.github.luben:zstd-jni:jar:1.4.0-1:compile
[INFO]    |  +- org.lz4:lz4-java:jar:1.6.0:compile
[INFO]    |  \- org.xerial.snappy:snappy-java:jar:1.1.7.3:compile
[INFO]    +- org.springframework.retry:spring-retry:jar:1.2.4.RELEASE:compile
[INFO]    +- org.springframework:spring-context:jar:5.2.2.RELEASE:compile
[INFO]    +- org.springframework:spring-messaging:jar:5.2.2.RELEASE:compile
[INFO]    \- org.springframework:spring-tx:jar:5.2.2.RELEASE:compile
[INFO] 
[INFO] --------------------< sopra.prototype:sopra-spring >--------------------
[INFO] Building sopra-spring 0.0.1                                        [6/6]
[INFO] --------------------------------[ jar ]---------------------------------
[INFO] 
[INFO] --- maven-dependency-plugin:3.1.1:tree (default-cli) @ sopra-spring ---
[INFO] sopra.prototype:sopra-spring:jar:0.0.1
[INFO] +- org.springframework.boot:spring-boot-starter-web:jar:2.2.2.RELEASE:compile
[INFO] |  +- org.springframework.boot:spring-boot-starter:jar:2.2.2.RELEASE:compile
[INFO] |  |  +- org.springframework.boot:spring-boot:jar:2.2.2.RELEASE:compile
[INFO] |  |  +- org.springframework.boot:spring-boot-autoconfigure:jar:2.2.2.RELEASE:compile
[INFO] |  |  +- org.springframework.boot:spring-boot-starter-logging:jar:2.2.2.RELEASE:compile
[INFO] |  |  |  +- ch.qos.logback:logback-classic:jar:1.2.3:compile
[INFO] |  |  |  |  \- ch.qos.logback:logback-core:jar:1.2.3:compile
[INFO] |  |  |  +- org.apache.logging.log4j:log4j-to-slf4j:jar:2.12.1:compile
[INFO] |  |  |  \- org.slf4j:jul-to-slf4j:jar:1.7.29:compile
[INFO] |  |  +- jakarta.annotation:jakarta.annotation-api:jar:1.3.5:compile
[INFO] |  |  \- org.yaml:snakeyaml:jar:1.25:runtime
[INFO] |  +- org.springframework.boot:spring-boot-starter-json:jar:2.2.2.RELEASE:compile
[INFO] |  |  +- com.fasterxml.jackson.datatype:jackson-datatype-jdk8:jar:2.10.1:compile
[INFO] |  |  +- com.fasterxml.jackson.datatype:jackson-datatype-jsr310:jar:2.10.1:compile
[INFO] |  |  \- com.fasterxml.jackson.module:jackson-module-parameter-names:jar:2.10.1:compile
[INFO] |  +- org.springframework.boot:spring-boot-starter-validation:jar:2.2.2.RELEASE:compile
[INFO] |  |  +- jakarta.validation:jakarta.validation-api:jar:2.0.1:compile
[INFO] |  |  \- org.hibernate.validator:hibernate-validator:jar:6.0.18.Final:compile
[INFO] |  +- org.springframework:spring-web:jar:5.2.2.RELEASE:compile
[INFO] |  |  \- org.springframework:spring-beans:jar:5.2.2.RELEASE:compile
[INFO] |  \- org.springframework:spring-webmvc:jar:5.2.2.RELEASE:compile
[INFO] |     \- org.springframework:spring-expression:jar:5.2.2.RELEASE:compile
[INFO] +- org.springframework.boot:spring-boot-starter-undertow:jar:2.2.2.RELEASE:compile
[INFO] |  +- io.undertow:undertow-core:jar:2.0.28.Final:compile
[INFO] |  |  +- org.jboss.logging:jboss-logging:jar:3.4.1.Final:compile
[INFO] |  |  +- org.jboss.xnio:xnio-api:jar:3.3.8.Final:compile
[INFO] |  |  \- org.jboss.xnio:xnio-nio:jar:3.3.8.Final:runtime
[INFO] |  +- io.undertow:undertow-servlet:jar:2.0.28.Final:compile
[INFO] |  |  \- org.jboss.spec.javax.annotation:jboss-annotations-api_1.2_spec:jar:1.0.2.Final:compile
[INFO] |  +- io.undertow:undertow-websockets-jsr:jar:2.0.28.Final:compile
[INFO] |  |  \- org.jboss.spec.javax.websocket:jboss-websocket-api_1.1_spec:jar:1.1.4.Final:compile
[INFO] |  +- jakarta.servlet:jakarta.servlet-api:jar:4.0.3:compile
[INFO] |  \- org.glassfish:jakarta.el:jar:3.0.3:compile
[INFO] +- org.springframework.boot:spring-boot-starter-actuator:jar:2.2.2.RELEASE:compile
[INFO] |  +- org.springframework.boot:spring-boot-actuator-autoconfigure:jar:2.2.2.RELEASE:compile
[INFO] |  |  \- org.springframework.boot:spring-boot-actuator:jar:2.2.2.RELEASE:compile
[INFO] |  \- io.micrometer:micrometer-core:jar:1.3.1:compile
[INFO] |     +- org.hdrhistogram:HdrHistogram:jar:2.1.11:compile
[INFO] |     \- org.latencyutils:LatencyUtils:jar:2.0.3:compile
[INFO] +- sopra.prototype:sopra-controller:jar:0.0.1:compile
[INFO] |  \- sopra.prototype:sopra-services:jar:0.0.1:compile
[INFO] |     +- sopra.prototype:sopra-repositories:jar:0.0.1:compile
[INFO] |     |  \- sopra.prototype:sopra-vo:jar:0.0.1:compile
[INFO] |     \- io.vavr:vavr:jar:0.10.3:compile
[INFO] |        \- io.vavr:vavr-match:jar:0.10.3:compile
[INFO] +- org.slf4j:slf4j-log4j12:jar:1.7.29:compile
[INFO] |  +- org.slf4j:slf4j-api:jar:1.7.29:compile
[INFO] |  \- log4j:log4j:jar:1.2.17:compile
[INFO] +- org.mariadb.jdbc:mariadb-java-client:jar:2.4.4:compile
[INFO] +- org.springframework.boot:spring-boot-starter-data-jpa:jar:2.2.2.RELEASE:compile
[INFO] |  +- org.springframework.boot:spring-boot-starter-aop:jar:2.2.2.RELEASE:compile
[INFO] |  |  \- org.aspectj:aspectjweaver:jar:1.9.5:compile
[INFO] |  +- org.springframework.boot:spring-boot-starter-jdbc:jar:2.2.2.RELEASE:compile
[INFO] |  |  +- com.zaxxer:HikariCP:jar:3.4.1:compile
[INFO] |  |  \- org.springframework:spring-jdbc:jar:5.2.2.RELEASE:compile
[INFO] |  +- jakarta.activation:jakarta.activation-api:jar:1.2.1:compile
[INFO] |  +- jakarta.persistence:jakarta.persistence-api:jar:2.2.3:compile
[INFO] |  +- jakarta.transaction:jakarta.transaction-api:jar:1.3.3:compile
[INFO] |  +- org.hibernate:hibernate-core:jar:5.4.9.Final:compile
[INFO] |  |  +- org.javassist:javassist:jar:3.24.0-GA:compile
[INFO] |  |  +- net.bytebuddy:byte-buddy:jar:1.10.4:compile
[INFO] |  |  +- antlr:antlr:jar:2.7.7:compile
[INFO] |  |  +- org.jboss:jandex:jar:2.1.1.Final:compile
[INFO] |  |  +- org.dom4j:dom4j:jar:2.1.1:compile
[INFO] |  |  +- org.hibernate.common:hibernate-commons-annotations:jar:5.1.0.Final:compile
[INFO] |  |  \- org.glassfish.jaxb:jaxb-runtime:jar:2.3.2:compile
[INFO] |  |     +- org.glassfish.jaxb:txw2:jar:2.3.2:compile
[INFO] |  |     +- com.sun.istack:istack-commons-runtime:jar:3.0.8:compile
[INFO] |  |     +- org.jvnet.staxex:stax-ex:jar:1.8.1:compile
[INFO] |  |     \- com.sun.xml.fastinfoset:FastInfoset:jar:1.2.16:compile
[INFO] |  +- org.springframework.data:spring-data-jpa:jar:2.2.3.RELEASE:compile
[INFO] |  |  +- org.springframework.data:spring-data-commons:jar:2.2.3.RELEASE:compile
[INFO] |  |  \- org.springframework:spring-orm:jar:5.2.2.RELEASE:compile
[INFO] |  \- org.springframework:spring-aspects:jar:5.2.2.RELEASE:compile
[INFO] +- org.springframework.boot:spring-boot-starter-test:jar:2.2.2.RELEASE:test
[INFO] |  +- org.springframework.boot:spring-boot-test:jar:2.2.2.RELEASE:test
[INFO] |  +- org.springframework.boot:spring-boot-test-autoconfigure:jar:2.2.2.RELEASE:test
[INFO] |  +- com.jayway.jsonpath:json-path:jar:2.4.0:test
[INFO] |  |  \- net.minidev:json-smart:jar:2.3:test
[INFO] |  |     \- net.minidev:accessors-smart:jar:1.2:test
[INFO] |  |        \- org.ow2.asm:asm:jar:5.0.4:test
[INFO] |  +- jakarta.xml.bind:jakarta.xml.bind-api:jar:2.3.2:compile
[INFO] |  +- org.junit.jupiter:junit-jupiter:jar:5.5.2:test
[INFO] |  |  +- org.junit.jupiter:junit-jupiter-api:jar:5.5.2:test
[INFO] |  |  |  +- org.opentest4j:opentest4j:jar:1.2.0:test
[INFO] |  |  |  \- org.junit.platform:junit-platform-commons:jar:1.5.2:test
[INFO] |  |  +- org.junit.jupiter:junit-jupiter-params:jar:5.5.2:test
[INFO] |  |  \- org.junit.jupiter:junit-jupiter-engine:jar:5.5.2:test
[INFO] |  +- org.junit.vintage:junit-vintage-engine:jar:5.5.2:test
[INFO] |  |  +- org.apiguardian:apiguardian-api:jar:1.1.0:test
[INFO] |  |  \- org.junit.platform:junit-platform-engine:jar:1.5.2:test
[INFO] |  +- org.mockito:mockito-junit-jupiter:jar:3.1.0:test
[INFO] |  +- org.assertj:assertj-core:jar:3.13.2:test
[INFO] |  +- org.hamcrest:hamcrest:jar:2.1:test
[INFO] |  +- org.mockito:mockito-core:jar:3.1.0:test
[INFO] |  |  +- net.bytebuddy:byte-buddy-agent:jar:1.10.4:test
[INFO] |  |  \- org.objenesis:objenesis:jar:2.6:test
[INFO] |  +- org.skyscreamer:jsonassert:jar:1.5.0:test
[INFO] |  |  \- com.vaadin.external.google:android-json:jar:0.0.20131108.vaadin1:test
[INFO] |  +- org.springframework:spring-core:jar:5.2.2.RELEASE:compile
[INFO] |  |  \- org.springframework:spring-jcl:jar:5.2.2.RELEASE:compile
[INFO] |  +- org.springframework:spring-test:jar:5.2.2.RELEASE:test
[INFO] |  \- org.xmlunit:xmlunit-core:jar:2.6.3:test
[INFO] +- org.springframework.boot:spring-boot-starter-security:jar:2.2.2.RELEASE:compile
[INFO] |  +- org.springframework:spring-aop:jar:5.2.2.RELEASE:compile
[INFO] |  +- org.springframework.security:spring-security-config:jar:5.2.1.RELEASE:compile
[INFO] |  |  \- org.springframework.security:spring-security-core:jar:5.2.1.RELEASE:compile
[INFO] |  \- org.springframework.security:spring-security-web:jar:5.2.1.RELEASE:compile
[INFO] +- org.apache.logging.log4j:log4j-api:jar:2.12.1:compile
[INFO] +- org.apache.logging.log4j:log4j-core:jar:2.12.1:compile
[INFO] +- io.springfox:springfox-swagger2:jar:2.9.2:compile
[INFO] |  +- io.swagger:swagger-annotations:jar:1.5.20:compile
[INFO] |  +- io.swagger:swagger-models:jar:1.5.20:compile
[INFO] |  |  \- com.fasterxml.jackson.core:jackson-annotations:jar:2.10.1:compile
[INFO] |  +- io.springfox:springfox-spi:jar:2.9.2:compile
[INFO] |  |  \- io.springfox:springfox-core:jar:2.9.2:compile
[INFO] |  +- io.springfox:springfox-schema:jar:2.9.2:compile
[INFO] |  +- io.springfox:springfox-swagger-common:jar:2.9.2:compile
[INFO] |  +- io.springfox:springfox-spring-web:jar:2.9.2:compile
[INFO] |  +- com.google.guava:guava:jar:20.0:compile
[INFO] |  +- com.fasterxml:classmate:jar:1.5.1:compile
[INFO] |  +- org.springframework.plugin:spring-plugin-core:jar:1.2.0.RELEASE:compile
[INFO] |  +- org.springframework.plugin:spring-plugin-metadata:jar:1.2.0.RELEASE:compile
[INFO] |  \- org.mapstruct:mapstruct:jar:1.2.0.Final:compile
[INFO] +- io.springfox:springfox-swagger-ui:jar:2.9.2:compile
[INFO] +- org.aspectj:aspectjrt:jar:1.9.2:compile
[INFO] +- javax.interceptor:javax.interceptor-api:jar:1.2.2:compile
[INFO] +- io.jsonwebtoken:jjwt:jar:0.7.0:compile
[INFO] |  \- com.fasterxml.jackson.core:jackson-databind:jar:2.10.1:compile
[INFO] |     \- com.fasterxml.jackson.core:jackson-core:jar:2.10.1:compile
[INFO] +- javax.ws.rs:javax.ws.rs-api:jar:2.1.1:compile
[INFO] +- org.projectlombok:lombok:jar:1.18.10:compile
[INFO] +- junit:junit:jar:4.12:test
[INFO] |  \- org.hamcrest:hamcrest-core:jar:2.1:test
[INFO] \- org.springframework.kafka:spring-kafka:jar:2.4.5.RELEASE:compile
[INFO]    +- org.apache.kafka:kafka-clients:jar:2.3.1:compile
[INFO]    |  +- com.github.luben:zstd-jni:jar:1.4.0-1:compile
[INFO]    |  +- org.lz4:lz4-java:jar:1.6.0:compile
[INFO]    |  \- org.xerial.snappy:snappy-java:jar:1.1.7.3:compile
[INFO]    +- org.springframework.retry:spring-retry:jar:1.2.4.RELEASE:compile
[INFO]    +- org.springframework:spring-context:jar:5.2.2.RELEASE:compile
[INFO]    +- org.springframework:spring-messaging:jar:5.2.2.RELEASE:compile
[INFO]    \- org.springframework:spring-tx:jar:5.2.2.RELEASE:compile
[INFO] ------------------------------------------------------------------------
[INFO] Reactor Summary for sopra 0.0.1:
[INFO] 
[INFO] sopra .............................................. SUCCESS [  1.026 s]
[INFO] sopra-vo ........................................... SUCCESS [  0.082 s]
[INFO] sopra-repositories ................................. SUCCESS [  0.064 s]
[INFO] sopra-services ..................................... SUCCESS [  0.065 s]
[INFO] sopra-controller ................................... SUCCESS [  0.063 s]
[INFO] sopra-spring ....................................... SUCCESS [  0.098 s]
[INFO] ------------------------------------------------------------------------
[INFO] BUILD SUCCESS
[INFO] ------------------------------------------------------------------------
[INFO] Total time:  1.769 s
[INFO] Finished at: 2020-10-26T16:18:19+01:00
[INFO] ------------------------------------------------------------------------
